hello my name is nikhil i will be ther by 10 with pora
hai dhanu
hai100 pass
pora100
hello ip-172-31-32-110
hello RANGE                                 SIZE  STATE REMOVABLE BLOCK
0x0000000000000000-0x000000003fffffff   1G online       yes   0-7

Memory block size:       128M
Total online memory:       1G
Total offline memory:      0B
hello my name is nikhil i will be ther by 10 with pora
hai dhanu
hai100 pass
pora100
hello ip-172-31-32-110
hello RANGE                                 SIZE  STATE REMOVABLE BLOCK
0x0000000000000000-0x000000003fffffff   1G online       yes   0-7

Memory block size:       128M
Total online memory:       1G
Total offline memory:      0B
